<?xml version="1.0" encoding="utf-8"?>
<TestRun id="50c91b1b-d381-4fe7-aa1e-ce379721e9b6" name="user@DESKTOP-7JEB46U 2026-06-12 09:54:18" runUser="DESKTOP-7JEB46U\user" xmlns="http://microsoft.com/schemas/VisualStudio/TeamTest/2010">
  <Times creation="2026-06-12T09:54:18.1242849+05:30" queuing="2026-06-12T09:54:18.1242852+05:30" start="2026-06-12T09:54:09.5050974+05:30" finish="2026-06-12T09:54:18.1301047+05:30" />
  <TestSettings name="default" id="b69a1dcb-6d54-4e3c-9dcb-6789012ebb36">
    <Deployment runDeploymentRoot="user_DESKTOP-7JEB46U_2026-06-12_09_54_18" />
  </TestSettings>
  <Results>
    <UnitTestResult executionId="c0d7b460-5b82-403d-937e-8a8c0800842c" testId="7986ee78-ebb8-ec37-f47f-537cbe8902c7" testName="HomePageTitle_IsDisplayed" computerName="DESKTOP-7JEB46U" duration="00:00:05.1256230" startTime="2026-06-12T09:54:12.8722650+05:30" endTime="2026-06-12T09:54:17.9964223+05:30" testType="13cdc9d9-ddb5-4fa4-a97d-d965ccfc6d4b" outcome="Passed" testListId="8c84fa94-04c1-424b-9868-57a2d4851a1d" relativeResultsDirectory="c0d7b460-5b82-403d-937e-8a8c0800842c" />
  </Results>
  <TestDefinitions>
    <UnitTest name="HomePageTitle_IsDisplayed" storage="d:\integrationproject\azuredevops.testresultpublisher.samples\bin\debug\net8.0\azuredevops.testresultpublisher.samples.dll" id="7986ee78-ebb8-ec37-f47f-537cbe8902c7">
      <Execution id="c0d7b460-5b82-403d-937e-8a8c0800842c" />
      <TestMethod codeBase="D:\IntegrationProject\AzureDevOps.TestResultPublisher.Samples\bin\Debug\net8.0\AzureDevOps.TestResultPublisher.Samples.dll" adapterTypeName="executor://nunit3testexecutor/" className="AzureDevOps.TestResultPublisher.Samples.Selenium.SampleSeleniumTests" name="HomePageTitle_IsDisplayed" />
    </UnitTest>
  </TestDefinitions>
  <TestEntries>
    <TestEntry testId="7986ee78-ebb8-ec37-f47f-537cbe8902c7" executionId="c0d7b460-5b82-403d-937e-8a8c0800842c" testListId="8c84fa94-04c1-424b-9868-57a2d4851a1d" />
  </TestEntries>
  <TestLists>
    <TestList name="Results Not in a List" id="8c84fa94-04c1-424b-9868-57a2d4851a1d" />
    <TestList name="All Loaded Results" id="19431567-8539-422a-85d7-44ee4e166bda" />
  </TestLists>
  <ResultSummary outcome="Completed">
    <Counters total="1" executed="1" passed="1" failed="0" error="0" timeout="0" aborted="0" inconclusive="0" passedButRunAborted="0" notRunnable="0" notExecuted="0" disconnected="0" warning="0" completed="0" inProgress="0" pending="0" />
    <Output>
      <StdOut>NUnit Adapter 5.0.0.0: Test execution started&#xD;
Running all tests in D:\IntegrationProject\AzureDevOps.TestResultPublisher.Samples\bin\Debug\net8.0\AzureDevOps.TestResultPublisher.Samples.dll&#xD;
   NUnit3TestExecutor discovered 1 of 1 NUnit test cases using Current Discovery mode, Non-Explicit run&#xD;
AZDO_PUBLISH_RESULTS is not true. Azure DevOps publishing skipped.&#xD;
NUnit Adapter 5.0.0.0: Test execution complete&#xD;
</StdOut>
    </Output>
  </ResultSummary>
</TestRun>