<?xml version="1.0" encoding="utf-8"?>
<TestRun id="6632c70a-11d6-409d-92a4-5a5f52670172" name="user@DESKTOP-7JEB46U 2026-06-08 08:27:59" runUser="DESKTOP-7JEB46U\user" xmlns="http://microsoft.com/schemas/VisualStudio/TeamTest/2010">
  <Times creation="2026-06-08T08:27:59.0746804+05:30" queuing="2026-06-08T08:27:59.0746809+05:30" start="2026-06-08T08:27:52.0090729+05:30" finish="2026-06-08T08:27:59.0847204+05:30" />
  <TestSettings name="default" id="e923299a-9e6e-4467-b7ce-1f9e0437b91b">
    <Deployment runDeploymentRoot="user_DESKTOP-7JEB46U_2026-06-08_08_27_59" />
  </TestSettings>
  <Results>
    <UnitTestResult executionId="82786c5e-0af7-4b62-8d54-209b17288b24" testId="8cf4577d-cbbb-e90d-6692-0e632a5c37a3" testName="HomePageTitle_IsDisplayed" computerName="DESKTOP-7JEB46U" duration="00:00:00.0040540" startTime="2026-06-08T08:27:58.7456028+05:30" endTime="2026-06-08T08:27:58.7495592+05:30" testType="13cdc9d9-ddb5-4fa4-a97d-d965ccfc6d4b" outcome="NotExecuted" testListId="8c84fa94-04c1-424b-9868-57a2d4851a1d" relativeResultsDirectory="82786c5e-0af7-4b62-8d54-209b17288b24">
      <Output>
        <StdOut>Sample only. Remove Explicit when wired to a real application and Azure DevOps test case.</StdOut>
        <ErrorInfo>
          <Message>Sample only. Remove Explicit when wired to a real application and Azure DevOps test case.</Message>
        </ErrorInfo>
      </Output>
    </UnitTestResult>
    <UnitTestResult executionId="2c6bfa1a-e6b8-4741-bcfc-a20f9c4f1809" testId="7986ee78-ebb8-ec37-f47f-537cbe8902c7" testName="HomePageTitle_IsDisplayed" computerName="DESKTOP-7JEB46U" duration="00:00:00.0000260" startTime="2026-06-08T08:27:58.7552557+05:30" endTime="2026-06-08T08:27:58.7552812+05:30" testType="13cdc9d9-ddb5-4fa4-a97d-d965ccfc6d4b" outcome="NotExecuted" testListId="8c84fa94-04c1-424b-9868-57a2d4851a1d" relativeResultsDirectory="2c6bfa1a-e6b8-4741-bcfc-a20f9c4f1809">
      <Output>
        <StdOut>Sample only. Remove Explicit when wired to a real application and Azure DevOps test case.</StdOut>
        <ErrorInfo>
          <Message>Sample only. Remove Explicit when wired to a real application and Azure DevOps test case.</Message>
        </ErrorInfo>
      </Output>
    </UnitTestResult>
  </Results>
  <TestDefinitions>
    <UnitTest name="HomePageTitle_IsDisplayed" storage="d:\integrationproject\azuredevops.testresultpublisher.samples\bin\debug\net10.0\azuredevops.testresultpublisher.samples.dll" id="8cf4577d-cbbb-e90d-6692-0e632a5c37a3">
      <Execution id="82786c5e-0af7-4b62-8d54-209b17288b24" />
      <TestMethod codeBase="D:\IntegrationProject\AzureDevOps.TestResultPublisher.Samples\bin\Debug\net10.0\AzureDevOps.TestResultPublisher.Samples.dll" adapterTypeName="executor://nunit3testexecutor/" className="AzureDevOps.TestResultPublisher.Samples.Playwright.SamplePlaywrightTests" name="HomePageTitle_IsDisplayed" />
    </UnitTest>
    <UnitTest name="HomePageTitle_IsDisplayed" storage="d:\integrationproject\azuredevops.testresultpublisher.samples\bin\debug\net10.0\azuredevops.testresultpublisher.samples.dll" id="7986ee78-ebb8-ec37-f47f-537cbe8902c7">
      <Execution id="2c6bfa1a-e6b8-4741-bcfc-a20f9c4f1809" />
      <TestMethod codeBase="D:\IntegrationProject\AzureDevOps.TestResultPublisher.Samples\bin\Debug\net10.0\AzureDevOps.TestResultPublisher.Samples.dll" adapterTypeName="executor://nunit3testexecutor/" className="AzureDevOps.TestResultPublisher.Samples.Selenium.SampleSeleniumTests" name="HomePageTitle_IsDisplayed" />
    </UnitTest>
  </TestDefinitions>
  <TestEntries>
    <TestEntry testId="8cf4577d-cbbb-e90d-6692-0e632a5c37a3" executionId="82786c5e-0af7-4b62-8d54-209b17288b24" testListId="8c84fa94-04c1-424b-9868-57a2d4851a1d" />
    <TestEntry testId="7986ee78-ebb8-ec37-f47f-537cbe8902c7" executionId="2c6bfa1a-e6b8-4741-bcfc-a20f9c4f1809" testListId="8c84fa94-04c1-424b-9868-57a2d4851a1d" />
  </TestEntries>
  <TestLists>
    <TestList name="Results Not in a List" id="8c84fa94-04c1-424b-9868-57a2d4851a1d" />
    <TestList name="All Loaded Results" id="19431567-8539-422a-85d7-44ee4e166bda" />
  </TestLists>
  <ResultSummary outcome="Completed">
    <Counters total="2" executed="0" passed="0" failed="0" error="0" timeout="0" aborted="0" inconclusive="0" passedButRunAborted="0" notRunnable="0" notExecuted="0" disconnected="0" warning="0" completed="0" inProgress="0" pending="0" />
    <Output>
      <StdOut>NUnit Adapter 5.0.0.0: Test execution started&#xD;
Running all tests in D:\IntegrationProject\AzureDevOps.TestResultPublisher.Samples\bin\Debug\net10.0\AzureDevOps.TestResultPublisher.Samples.dll&#xD;
   NUnit3TestExecutor discovered 2 of 2 NUnit test cases using Current Discovery mode, Explicit run&#xD;
HomePageTitle_IsDisplayed: Sample only. Remove Explicit when wired to a real application and Azure DevOps test case.&#xD;
HomePageTitle_IsDisplayed: Sample only. Remove Explicit when wired to a real application and Azure DevOps test case.&#xD;
NUnit Adapter 5.0.0.0: Test execution complete&#xD;
</StdOut>
    </Output>
  </ResultSummary>
</TestRun>